day11/王硕豪/text_demoto/build/intermediates/manifest_merge_blame_file/debug/manifest-merger-blame-debug-report.txt
1<?xml version="1.0" encoding="utf-8"?>
2<manifest xmlns:android="http://schemas.android.com/apk/res/android"
3    package="com.example.demo_tuisongtext"
4    android:versionCode="1"
5    android:versionName="1.0.1" >
6
7    <uses-sdk
8        android:minSdkVersion="21"
8-->src\main\AndroidManifest.xml
9        android:targetSdkVersion="29" />
9-->src\main\AndroidManifest.xml
10
11    <!-- Required -->
12    <permission
12-->[:jiguang] AndroidManifest.xml:13:5-15:47
13        android:name="com.example.demo_tuisongtext.permission.JPUSH_MESSAGE"
13-->[:jiguang] AndroidManifest.xml:14:9-65
14        android:protectionLevel="signature" /> <!-- Required  一些系统要求的权限，如访问网络等 -->
14-->[:jiguang] AndroidManifest.xml:15:9-44
15    <uses-permission android:name="com.example.demo_tuisongtext.permission.JPUSH_MESSAGE" />
15-->[:jiguang] AndroidManifest.xml:17:5-81
15-->[:jiguang] AndroidManifest.xml:17:22-78
16    <uses-permission android:name="android.permission.RECEIVE_USER_PRESENT" />
16-->[:jiguang] AndroidManifest.xml:18:5-79
16-->[:jiguang] AndroidManifest.xml:18:22-76
17    <uses-permission android:name="android.permission.INTERNET" />
17-->[:jiguang] AndroidManifest.xml:19:5-67
17-->[:jiguang] AndroidManifest.xml:19:22-64
18    <uses-permission android:name="android.permission.READ_PHONE_STATE" />
18-->[:jiguang] AndroidManifest.xml:20:5-75
18-->[:jiguang] AndroidManifest.xml:20:22-72
19    <uses-permission android:name="android.permission.WRITE_EXTERNAL_STORAGE" />
19-->[:jiguang] AndroidManifest.xml:21:5-81
19-->[:jiguang] AndroidManifest.xml:21:22-78
20    <uses-permission android:name="android.permission.READ_EXTERNAL_STORAGE" />
20-->[:jiguang] AndroidManifest.xml:22:5-80
20-->[:jiguang] AndroidManifest.xml:22:22-77
21    <uses-permission android:name="android.permission.WRITE_SETTINGS" />
21-->[:jiguang] AndroidManifest.xml:23:5-73
21-->[:jiguang] AndroidManifest.xml:23:22-70
22    <uses-permission android:name="android.permission.MOUNT_UNMOUNT_FILESYSTEMS" />
22-->[:jiguang] AndroidManifest.xml:24:5-84
22-->[:jiguang] AndroidManifest.xml:24:22-81
23    <uses-permission android:name="android.permission.ACCESS_NETWORK_STATE" />
23-->[:jiguang] AndroidManifest.xml:25:5-79
23-->[:jiguang] AndroidManifest.xml:25:22-76
24    <uses-permission android:name="android.permission.ACCESS_WIFI_STATE" /> <!-- 华为角标 -->
24-->[:jiguang] AndroidManifest.xml:26:5-76
24-->[:jiguang] AndroidManifest.xml:26:22-73
25    <uses-permission android:name="com.huawei.android.launcher.permission.CHANGE_BADGE" /> <!-- Optional for location -->
25-->[:jiguang] AndroidManifest.xml:28:5-91
25-->[:jiguang] AndroidManifest.xml:28:22-88
26    <uses-permission android:name="android.permission.VIBRATE" />
26-->[:jiguang] AndroidManifest.xml:30:5-66
26-->[:jiguang] AndroidManifest.xml:30:22-63
27    <uses-permission android:name="android.permission.SYSTEM_ALERT_WINDOW" /> <!-- 用于开启 debug 版本的应用在6.0 系统上 层叠窗口权限 -->
27-->[:jiguang] AndroidManifest.xml:31:5-78
27-->[:jiguang] AndroidManifest.xml:31:22-75
28    <uses-permission android:name="android.permission.ACCESS_COARSE_LOCATION" />
28-->[:jiguang] AndroidManifest.xml:32:5-81
28-->[:jiguang] AndroidManifest.xml:32:22-78
29    <uses-permission android:name="android.permission.CHANGE_WIFI_STATE" />
29-->[:jiguang] AndroidManifest.xml:33:5-76
29-->[:jiguang] AndroidManifest.xml:33:22-73
30    <uses-permission android:name="android.permission.ACCESS_FINE_LOCATION" />
30-->[:jiguang] AndroidManifest.xml:34:5-79
30-->[:jiguang] AndroidManifest.xml:34:22-76
31    <uses-permission android:name="android.permission.ACCESS_BACKGROUND_LOCATION" /> <!-- Android Q后台定位权限 -->
31-->[:jiguang] AndroidManifest.xml:35:5-85
31-->[:jiguang] AndroidManifest.xml:35:22-82
32    <uses-permission android:name="android.permission.ACCESS_LOCATION_EXTRA_COMMANDS" />
32-->[:jiguang] AndroidManifest.xml:36:5-89
32-->[:jiguang] AndroidManifest.xml:36:22-86
33    <uses-permission android:name="android.permission.CHANGE_NETWORK_STATE" />
33-->[:jiguang] AndroidManifest.xml:37:5-79
33-->[:jiguang] AndroidManifest.xml:37:22-76
34    <uses-permission android:name="android.permission.GET_TASKS" />
34-->[:jiguang] AndroidManifest.xml:38:5-68
34-->[:jiguang] AndroidManifest.xml:38:22-65
35    <uses-permission android:name="android.permission.QUERY_ALL_PACKAGES" /> <!-- xiaomi_permission_start -->
35-->[:jiguang] AndroidManifest.xml:39:5-77
35-->[:jiguang] AndroidManifest.xml:39:22-74
36    <permission
36-->[:jiguang] AndroidManifest.xml:42:5-44:47
37        android:name="com.example.demo_tuisongtext.permission.MIPUSH_RECEIVE"
37-->[:jiguang] AndroidManifest.xml:43:9-66
38        android:protectionLevel="signature" />
38-->[:jiguang] AndroidManifest.xml:44:9-44
39
40    <uses-permission android:name="com.example.demo_tuisongtext.permission.MIPUSH_RECEIVE" /> <!-- xiaomi_permission_end -->
40-->[:jiguang] AndroidManifest.xml:46:5-82
40-->[:jiguang] AndroidManifest.xml:46:22-79
41    <!-- oppo_permission_start -->
42    <uses-permission android:name="com.coloros.mcs.permission.RECIEVE_MCS_MESSAGE" />
42-->[:jiguang] AndroidManifest.xml:49:5-86
42-->[:jiguang] AndroidManifest.xml:49:22-83
43    <uses-permission android:name="com.heytap.mcs.permission.RECIEVE_MCS_MESSAGE" /> <!-- oppo_permission_end -->
43-->[:jiguang] AndroidManifest.xml:50:5-85
43-->[:jiguang] AndroidManifest.xml:50:22-82
44    <!-- jshare_permission_start -->
45    <uses-permission android:name="android.permission.WAKE_LOCK" />
45-->[:jiguang] AndroidManifest.xml:55:5-68
45-->[:jiguang] AndroidManifest.xml:55:22-65
46    <uses-permission android:name="android.permission.KILL_BACKGROUND_PROCESSES" />
46-->[:jiguang] AndroidManifest.xml:56:5-84
46-->[:jiguang] AndroidManifest.xml:56:22-81
47    <uses-permission android:name="android.permission.MANAGE_ACCOUNTS" />
47-->[:jiguang] AndroidManifest.xml:57:5-74
47-->[:jiguang] AndroidManifest.xml:57:22-71
48    <uses-permission android:name="android.permission.GET_ACCOUNTS" />
48-->[:jiguang] AndroidManifest.xml:58:5-71
48-->[:jiguang] AndroidManifest.xml:58:22-68
49
50    <application
50-->src\main\AndroidManifest.xml:5:5-61:19
51        android:name="com.example.text_demoto.App"
51-->src\main\AndroidManifest.xml:6:9-28
52        android:allowBackup="true"
52-->src\main\AndroidManifest.xml:7:9-35
53        android:appComponentFactory="androidx.core.app.CoreComponentFactory"
53-->[androidx.core:core:1.3.1] AndroidManifest.xml:24:18-86
54        android:debuggable="true"
55        android:icon="@mipmap/ic_launcher"
55-->src\main\AndroidManifest.xml:8:9-43
56        android:label="@string/app_name"
56-->src\main\AndroidManifest.xml:9:9-41
57        android:roundIcon="@mipmap/ic_launcher_round"
57-->src\main\AndroidManifest.xml:10:9-54
58        android:supportsRtl="true"
58-->src\main\AndroidManifest.xml:11:9-35
59        android:testOnly="true"
60        android:theme="@style/AppTheme" >
60-->src\main\AndroidManifest.xml:12:9-40
61        <activity android:name="com.example.text_demoto.MainActivity" />
61-->src\main\AndroidManifest.xml:13:9-59
61-->src\main\AndroidManifest.xml:13:19-47
62        <activity android:name="com.example.text_demoto.HomeActivity" >
62-->src\main\AndroidManifest.xml:14:9-20:20
62-->src\main\AndroidManifest.xml:14:19-47
63            <intent-filter>
63-->src\main\AndroidManifest.xml:15:13-19:29
64                <action android:name="android.intent.action.MAIN" />
64-->src\main\AndroidManifest.xml:16:17-69
64-->src\main\AndroidManifest.xml:16:25-66
65
66                <category android:name="android.intent.category.LAUNCHER" />
66-->src\main\AndroidManifest.xml:18:17-77
66-->src\main\AndroidManifest.xml:18:27-74
67            </intent-filter>
68        </activity> <!-- User defined.  For test only  用户自定义的广播接收器 -->
69        <receiver
69-->src\main\AndroidManifest.xml:21:9-32:20
70            android:name="com.example.text_demoto.MyReceiver"
70-->src\main\AndroidManifest.xml:22:13-39
71            android:enabled="true" >
71-->src\main\AndroidManifest.xml:23:13-35
72            <intent-filter>
72-->src\main\AndroidManifest.xml:24:13-31:29
73                <action android:name="cn.jpush.android.intent.REGISTRATION" /> <!-- Required  用户注册SDK的intent -->
73-->src\main\AndroidManifest.xml:25:17-79
73-->src\main\AndroidManifest.xml:25:25-76
74                <action android:name="cn.jpush.android.intent.MESSAGE_RECEIVED" /> <!-- Required  用户接收SDK消息的intent -->
74-->src\main\AndroidManifest.xml:26:17-83
74-->src\main\AndroidManifest.xml:26:25-80
75                <action android:name="cn.jpush.android.intent.NOTIFICATION_RECEIVED" /> <!-- Required  用户接收SDK通知栏信息的intent -->
75-->src\main\AndroidManifest.xml:27:17-88
75-->src\main\AndroidManifest.xml:27:25-85
76                <action android:name="cn.jpush.android.intent.NOTIFICATION_OPENED" /> <!-- Required  用户打开自定义通知栏的intent -->
76-->src\main\AndroidManifest.xml:28:17-86
76-->src\main\AndroidManifest.xml:28:25-83
77                <action android:name="cn.jpush.android.intent.CONNECTION" /> <!-- 接收网络变化 连接/断开 since 1.6.3 -->
77-->src\main\AndroidManifest.xml:29:17-77
77-->src\main\AndroidManifest.xml:29:25-74
78                <category android:name="com.example.demo_tuisongtext" />
78-->src\main\AndroidManifest.xml:30:27-58
79            </intent-filter>
80        </receiver> <!-- User defined.  For test only  用户自定义接收消息器,3.0.7开始支持,目前新tag/alias接口设置结果会在该广播接收器对应的方法中回调 -->
81        <!-- since 3.3.0 接收JPush相关事件 -->
82        <receiver android:name="com.example.text_demoto.PushMessageReceiver" >
82-->src\main\AndroidManifest.xml:34:9-40:20
82-->src\main\AndroidManifest.xml:34:19-54
83            <intent-filter>
83-->src\main\AndroidManifest.xml:35:13-39:29
84                <action android:name="cn.jpush.android.intent.RECEIVE_MESSAGE" />
84-->src\main\AndroidManifest.xml:36:17-82
84-->src\main\AndroidManifest.xml:36:25-79
85
86                <category android:name="com.example.demo_tuisongtext" />
86-->src\main\AndroidManifest.xml:30:27-58
87            </intent-filter>
88        </receiver> <!-- 点击通知时，要打开的 activity -->
89        <activity
89-->src\main\AndroidManifest.xml:41:9-51:20
90            android:name="com.example.text_demoto.OpenClickActivity"
90-->src\main\AndroidManifest.xml:42:13-46
91            android:exported="true" >
91-->src\main\AndroidManifest.xml:43:13-36
92            <intent-filter>
92-->src\main\AndroidManifest.xml:44:13-50:29
93                <action android:name="android.intent.action.VIEW" />
93-->src\main\AndroidManifest.xml:45:17-69
93-->src\main\AndroidManifest.xml:45:25-66
94
95                <category android:name="android.intent.category.DEFAULT" />
95-->src\main\AndroidManifest.xml:47:17-76
95-->src\main\AndroidManifest.xml:47:27-73
96
97                <action android:name="com.example.jpushdemo.OpenClickActivity" />
97-->src\main\AndroidManifest.xml:49:17-82
97-->src\main\AndroidManifest.xml:49:25-79
98            </intent-filter>
99        </activity> <!-- since 3.3.0 Required SDK 核心功能 -->
100        <!-- 可配置android:process参数将PushService放在其他进程中 -->
101        <!-- User defined.  For test only 继承自cn.jpush.android.service.JCommonService -->
102        <service
102-->src\main\AndroidManifest.xml:54:9-60:19
103            android:name="com.example.text_demoto.PushService"
103-->src\main\AndroidManifest.xml:55:13-40
104            android:process=":pushcore" >
104-->src\main\AndroidManifest.xml:56:13-40
105            <intent-filter>
105-->src\main\AndroidManifest.xml:57:13-59:29
106                <action android:name="cn.jiguang.user.service.action" />
106-->src\main\AndroidManifest.xml:58:17-73
106-->src\main\AndroidManifest.xml:58:25-70
107            </intent-filter>
108        </service>
109        <!-- jpush_config_start -->
110        <!-- Rich push 核心功能 since 2.0.6 -->
111        <activity
111-->[:jiguang] AndroidManifest.xml:64:9-75:20
112            android:name="cn.jpush.android.ui.PopWinActivity"
112-->[:jiguang] AndroidManifest.xml:65:13-62
113            android:exported="true"
113-->[:jiguang] AndroidManifest.xml:66:13-36
114            android:theme="@style/MyDialogStyle" >
114-->[:jiguang] AndroidManifest.xml:67:13-49
115            <intent-filter>
115-->[:jiguang] AndroidManifest.xml:68:13-74:29
116                <category android:name="android.intent.category.DEFAULT" />
116-->src\main\AndroidManifest.xml:47:17-76
116-->src\main\AndroidManifest.xml:47:27-73
117
118                <action android:name="cn.jpush.android.ui.PopWinActivity" />
118-->[:jiguang] AndroidManifest.xml:71:17-77
118-->[:jiguang] AndroidManifest.xml:71:25-74
119
120                <category android:name="com.example.demo_tuisongtext" />
120-->src\main\AndroidManifest.xml:30:27-58
121            </intent-filter>
122        </activity> <!-- Required SDK核心功能 -->
123        <activity
123-->[:jiguang] AndroidManifest.xml:78:9-89:20
124            android:name="cn.jpush.android.ui.PushActivity"
124-->[:jiguang] AndroidManifest.xml:79:13-60
125            android:configChanges="orientation|keyboardHidden"
125-->[:jiguang] AndroidManifest.xml:80:13-63
126            android:exported="true"
126-->[:jiguang] AndroidManifest.xml:81:13-36
127            android:theme="@android:style/Theme.NoTitleBar" >
127-->[:jiguang] AndroidManifest.xml:82:13-60
128            <intent-filter>
128-->[:jiguang] AndroidManifest.xml:83:13-88:29
129                <action android:name="cn.jpush.android.ui.PushActivity" />
129-->[:jiguang] AndroidManifest.xml:84:17-75
129-->[:jiguang] AndroidManifest.xml:84:25-72
130
131                <category android:name="android.intent.category.DEFAULT" />
131-->src\main\AndroidManifest.xml:47:17-76
131-->src\main\AndroidManifest.xml:47:27-73
132                <category android:name="com.example.demo_tuisongtext" />
132-->src\main\AndroidManifest.xml:30:27-58
133            </intent-filter>
134        </activity> <!-- since 3.5.0 Required SDK 核心功能 -->
135        <!-- 3.5.0新增，用于定时展示功能 -->
136        <receiver
136-->[:jiguang] AndroidManifest.xml:93:9-95:40
137            android:name="cn.jpush.android.service.SchedulerReceiver"
137-->[:jiguang] AndroidManifest.xml:94:13-70
138            android:exported="false" /> <!-- 3.6.7 新增，用于负反馈组件 -->
138-->[:jiguang] AndroidManifest.xml:95:13-37
139        <service android:name="cn.jpush.android.service.MessagingIntentService" /> <!-- since 3.0.9 Required SDK 核心功能 -->
139-->[:jiguang] AndroidManifest.xml:98:9-83
139-->[:jiguang] AndroidManifest.xml:98:18-80
140        <provider
140-->[:jiguang] AndroidManifest.xml:101:9-105:43
141            android:name="cn.jpush.android.service.DataProvider"
141-->[:jiguang] AndroidManifest.xml:102:13-65
142            android:authorities="com.example.demo_tuisongtext.DataProvider"
142-->[:jiguang] AndroidManifest.xml:103:13-64
143            android:exported="false"
143-->[:jiguang] AndroidManifest.xml:104:13-37
144            android:process=":pushcore" /> <!-- since 3.1.0 Required SDK 核心功能 -->
144-->[:jiguang] AndroidManifest.xml:105:13-40
145        <provider
145-->[:jiguang] AndroidManifest.xml:107:9-110:39
146            android:name="cn.jpush.android.service.DownloadProvider"
146-->[:jiguang] AndroidManifest.xml:108:13-69
147            android:authorities="com.example.demo_tuisongtext.DownloadProvider"
147-->[:jiguang] AndroidManifest.xml:109:13-68
148            android:exported="true" /> <!-- since 3.3.0 Required SDK核心功能 -->
148-->[:jiguang] AndroidManifest.xml:110:13-36
149        <activity
149-->[:jiguang] AndroidManifest.xml:113:9-123:20
150            android:name="cn.jpush.android.service.JNotifyActivity"
150-->[:jiguang] AndroidManifest.xml:114:13-68
151            android:exported="true"
151-->[:jiguang] AndroidManifest.xml:115:13-36
152            android:taskAffinity="jpush.custom"
152-->[:jiguang] AndroidManifest.xml:116:13-48
153            android:theme="@android:style/Theme.Translucent.NoTitleBar" >
153-->[:jiguang] AndroidManifest.xml:117:13-72
154            <intent-filter>
154-->[:jiguang] AndroidManifest.xml:118:13-122:29
155                <action android:name="cn.jpush.android.intent.JNotifyActivity" />
155-->[:jiguang] AndroidManifest.xml:119:17-82
155-->[:jiguang] AndroidManifest.xml:119:25-79
156
157                <category android:name="com.example.demo_tuisongtext" />
157-->src\main\AndroidManifest.xml:30:27-58
158            </intent-filter>
159        </activity> <!-- since 3.5.6 新增华硕通道 -->
160        <receiver android:name="cn.jpush.android.asus.AsusPushMessageReceiver" /> <!-- jpush_config_end -->
160-->[:jiguang] AndroidManifest.xml:125:9-82
160-->[:jiguang] AndroidManifest.xml:125:19-79
161        <!-- (jpush|jmessage)_config_start，jpush和jmessage公用的组件 -->
162        <!-- Required SDK 核心功能 -->
163        <!-- 可配置android:process参数将PushService放在其他进程中 -->
164        <service
164-->[:jiguang] AndroidManifest.xml:132:9-143:19
165            android:name="cn.jpush.android.service.PushService"
165-->[:jiguang] AndroidManifest.xml:133:13-64
166            android:enabled="true"
166-->[:jiguang] AndroidManifest.xml:134:13-35
167            android:exported="false"
167-->[:jiguang] AndroidManifest.xml:135:13-37
168            android:process=":pushcore" >
168-->[:jiguang] AndroidManifest.xml:136:13-40
169            <intent-filter>
169-->[:jiguang] AndroidManifest.xml:137:13-142:29
170                <action android:name="cn.jpush.android.intent.REGISTER" />
170-->[:jiguang] AndroidManifest.xml:138:17-75
170-->[:jiguang] AndroidManifest.xml:138:25-72
171                <action android:name="cn.jpush.android.intent.REPORT" />
171-->[:jiguang] AndroidManifest.xml:139:17-73
171-->[:jiguang] AndroidManifest.xml:139:25-70
172                <action android:name="cn.jpush.android.intent.PushService" />
172-->[:jiguang] AndroidManifest.xml:140:17-78
172-->[:jiguang] AndroidManifest.xml:140:25-75
173                <action android:name="cn.jpush.android.intent.PUSH_TIME" />
173-->[:jiguang] AndroidManifest.xml:141:17-76
173-->[:jiguang] AndroidManifest.xml:141:25-73
174            </intent-filter>
175        </service> <!-- since 1.8.0 option 可选项。用于同一设备中不同应用的JPush服务相互拉起的功能。 -->
176        <!-- 若不启用该功能可删除该组件，或把 enabled 设置成 false ；App 不会被其他 App 拉起，但会拉起其他的 App。 -->
177        <service
177-->[:jiguang] AndroidManifest.xml:147:9-156:19
178            android:name="cn.jpush.android.service.DaemonService"
178-->[:jiguang] AndroidManifest.xml:148:13-66
179            android:enabled="true"
179-->[:jiguang] AndroidManifest.xml:149:13-35
180            android:exported="true" >
180-->[:jiguang] AndroidManifest.xml:150:13-36
181            <intent-filter>
181-->[:jiguang] AndroidManifest.xml:151:13-155:29
182                <action android:name="cn.jpush.android.intent.DaemonService" />
182-->[:jiguang] AndroidManifest.xml:152:17-80
182-->[:jiguang] AndroidManifest.xml:152:25-77
183
184                <category android:name="com.example.demo_tuisongtext" />
184-->src\main\AndroidManifest.xml:30:27-58
185            </intent-filter>
186        </service> <!-- 可选，如果使用静态Activity方式拉起，该组件必须声明 -->
187        <activity
187-->[:jiguang] AndroidManifest.xml:158:9-169:20
188            android:name="cn.jpush.android.service.DActivity"
188-->[:jiguang] AndroidManifest.xml:159:13-62
189            android:enabled="true"
189-->[:jiguang] AndroidManifest.xml:160:13-35
190            android:exported="true"
190-->[:jiguang] AndroidManifest.xml:161:13-36
191            android:taskAffinity="jpush.custom"
191-->[:jiguang] AndroidManifest.xml:162:13-48
192            android:theme="@android:style/Theme.Translucent.NoTitleBar" >
192-->[:jiguang] AndroidManifest.xml:163:13-72
193            <intent-filter>
193-->[:jiguang] AndroidManifest.xml:164:13-168:29
194                <action android:name="cn.jpush.android.intent.DActivity" />
194-->[:jiguang] AndroidManifest.xml:165:17-76
194-->[:jiguang] AndroidManifest.xml:165:25-73
195
196                <category android:name="com.example.demo_tuisongtext" />
196-->src\main\AndroidManifest.xml:30:27-58
197            </intent-filter>
198        </activity> <!-- Required SDK核心功能 -->
199        <receiver
199-->[:jiguang] AndroidManifest.xml:172:9-190:20
200            android:name="cn.jpush.android.service.PushReceiver"
200-->[:jiguang] AndroidManifest.xml:173:13-65
201            android:enabled="true" >
201-->[:jiguang] AndroidManifest.xml:174:13-35
202            <intent-filter android:priority="1000" >
202-->[:jiguang] AndroidManifest.xml:175:13-178:29
202-->[:jiguang] AndroidManifest.xml:175:28-51
203                <action android:name="cn.jpush.android.intent.NOTIFICATION_RECEIVED_PROXY" /> <!-- Required  显示通知栏 -->
203-->[:jiguang] AndroidManifest.xml:176:17-94
203-->[:jiguang] AndroidManifest.xml:176:25-91
204                <category android:name="com.example.demo_tuisongtext" />
204-->src\main\AndroidManifest.xml:30:27-58
205            </intent-filter>
206            <intent-filter>
206-->[:jiguang] AndroidManifest.xml:179:13-182:29
207                <action android:name="android.intent.action.USER_PRESENT" />
207-->[:jiguang] AndroidManifest.xml:180:17-77
207-->[:jiguang] AndroidManifest.xml:180:25-74
208                <action android:name="android.net.conn.CONNECTIVITY_CHANGE" />
208-->[:jiguang] AndroidManifest.xml:181:17-79
208-->[:jiguang] AndroidManifest.xml:181:25-76
209            </intent-filter>
210            <!-- Optional -->
211            <intent-filter>
211-->[:jiguang] AndroidManifest.xml:184:13-189:29
212                <action android:name="android.intent.action.PACKAGE_ADDED" />
212-->[:jiguang] AndroidManifest.xml:185:17-78
212-->[:jiguang] AndroidManifest.xml:185:25-75
213                <action android:name="android.intent.action.PACKAGE_REMOVED" />
213-->[:jiguang] AndroidManifest.xml:186:17-80
213-->[:jiguang] AndroidManifest.xml:186:25-77
214
215                <data android:scheme="package" />
215-->[:jiguang] AndroidManifest.xml:188:17-50
215-->[:jiguang] AndroidManifest.xml:188:23-47
216            </intent-filter>
217        </receiver> <!-- Required SDK核心功能 -->
218        <receiver
218-->[:jiguang] AndroidManifest.xml:193:9-195:40
219            android:name="cn.jpush.android.service.AlarmReceiver"
219-->[:jiguang] AndroidManifest.xml:194:13-66
220            android:exported="false" /> <!-- (jpush|jmessage)_config_end -->
220-->[:jiguang] AndroidManifest.xml:195:13-37
221        <!-- xiaomi_config_start -->
222        <service
222-->[:jiguang] AndroidManifest.xml:200:9-205:43
223            android:name="com.xiaomi.push.service.XMJobService"
223-->[:jiguang] AndroidManifest.xml:201:13-64
224            android:enabled="true"
224-->[:jiguang] AndroidManifest.xml:202:13-35
225            android:exported="false"
225-->[:jiguang] AndroidManifest.xml:203:13-37
226            android:permission="android.permission.BIND_JOB_SERVICE"
226-->[:jiguang] AndroidManifest.xml:204:13-69
227            android:process=":pushcore" />
227-->[:jiguang] AndroidManifest.xml:205:13-40
228        <service
228-->[:jiguang] AndroidManifest.xml:206:9-209:43
229            android:name="com.xiaomi.push.service.XMPushService"
229-->[:jiguang] AndroidManifest.xml:207:13-65
230            android:enabled="true"
230-->[:jiguang] AndroidManifest.xml:208:13-35
231            android:process=":pushcore" />
231-->[:jiguang] AndroidManifest.xml:209:13-40
232        <service
232-->[:jiguang] AndroidManifest.xml:210:9-213:39
233            android:name="com.xiaomi.mipush.sdk.PushMessageHandler"
233-->[:jiguang] AndroidManifest.xml:211:13-68
234            android:enabled="true"
234-->[:jiguang] AndroidManifest.xml:212:13-35
235            android:exported="true" />
235-->[:jiguang] AndroidManifest.xml:213:13-36
236        <service
236-->[:jiguang] AndroidManifest.xml:214:9-216:38
237            android:name="com.xiaomi.mipush.sdk.MessageHandleService"
237-->[:jiguang] AndroidManifest.xml:215:13-70
238            android:enabled="true" />
238-->[:jiguang] AndroidManifest.xml:216:13-35
239
240        <receiver
240-->[:jiguang] AndroidManifest.xml:218:9-226:20
241            android:name="com.xiaomi.push.service.receivers.NetworkStatusReceiver"
241-->[:jiguang] AndroidManifest.xml:219:13-83
242            android:exported="true" >
242-->[:jiguang] AndroidManifest.xml:220:13-36
243            <intent-filter>
243-->[:jiguang] AndroidManifest.xml:221:13-225:29
244                <action android:name="android.net.conn.CONNECTIVITY_CHANGE" />
244-->[:jiguang] AndroidManifest.xml:181:17-79
244-->[:jiguang] AndroidManifest.xml:181:25-76
245
246                <category android:name="android.intent.category.DEFAULT" />
246-->src\main\AndroidManifest.xml:47:17-76
246-->src\main\AndroidManifest.xml:47:27-73
247            </intent-filter>
248        </receiver>
249        <receiver
249-->[:jiguang] AndroidManifest.xml:227:9-234:20
250            android:name="com.xiaomi.push.service.receivers.PingReceiver"
250-->[:jiguang] AndroidManifest.xml:228:13-74
251            android:exported="false"
251-->[:jiguang] AndroidManifest.xml:229:13-37
252            android:process=":pushcore" >
252-->[:jiguang] AndroidManifest.xml:230:13-40
253            <intent-filter>
253-->[:jiguang] AndroidManifest.xml:231:13-233:29
254                <action android:name="com.xiaomi.push.PING_TIMER" />
254-->[:jiguang] AndroidManifest.xml:232:17-69
254-->[:jiguang] AndroidManifest.xml:232:25-66
255            </intent-filter>
256        </receiver>
257        <receiver
257-->[:jiguang] AndroidManifest.xml:235:9-247:20
258            android:name="cn.jpush.android.service.PluginXiaomiPlatformsReceiver"
258-->[:jiguang] AndroidManifest.xml:236:13-82
259            android:exported="true" >
259-->[:jiguang] AndroidManifest.xml:237:13-36
260            <intent-filter>
260-->[:jiguang] AndroidManifest.xml:238:13-240:29
261                <action android:name="com.xiaomi.mipush.RECEIVE_MESSAGE" />
261-->[:jiguang] AndroidManifest.xml:239:17-76
261-->[:jiguang] AndroidManifest.xml:239:25-73
262            </intent-filter>
263            <intent-filter>
263-->[:jiguang] AndroidManifest.xml:241:13-243:29
264                <action android:name="com.xiaomi.mipush.MESSAGE_ARRIVED" />
264-->[:jiguang] AndroidManifest.xml:242:17-76
264-->[:jiguang] AndroidManifest.xml:242:25-73
265            </intent-filter>
266            <intent-filter>
266-->[:jiguang] AndroidManifest.xml:244:13-246:29
267                <action android:name="com.xiaomi.mipush.ERROR" />
267-->[:jiguang] AndroidManifest.xml:245:17-66
267-->[:jiguang] AndroidManifest.xml:245:25-63
268            </intent-filter>
269        </receiver>
270
271        <meta-data
271-->[:jiguang] AndroidManifest.xml:249:9-251:48
272            android:name="XIAOMI_APPKEY"
272-->[:jiguang] AndroidManifest.xml:250:13-41
273            android:value="MI-小米的APPKEY" />
273-->[:jiguang] AndroidManifest.xml:251:13-45
274        <meta-data
274-->[:jiguang] AndroidManifest.xml:252:9-254:47
275            android:name="XIAOMI_APPID"
275-->[:jiguang] AndroidManifest.xml:253:13-40
276            android:value="MI-小米的APPID" /> <!-- xiaomi_config_end -->
276-->[:jiguang] AndroidManifest.xml:254:13-44
277        <!-- huawei_config_start -->
278        <service
278-->[:jiguang] AndroidManifest.xml:259:9-265:19
279            android:name="cn.jpush.android.service.PluginHuaweiPlatformsService"
279-->[:jiguang] AndroidManifest.xml:260:13-81
280            android:exported="false" >
280-->[:jiguang] AndroidManifest.xml:261:13-37
281            <intent-filter>
281-->[:jiguang] AndroidManifest.xml:262:13-264:29
282                <action android:name="com.huawei.push.action.MESSAGING_EVENT" />
282-->[:jiguang] AndroidManifest.xml:263:17-81
282-->[:jiguang] AndroidManifest.xml:263:25-78
283            </intent-filter>
284        </service> <!-- huawei_config_end -->
285        <!-- oppo_config_start -->
286        <service
286-->[:jiguang] AndroidManifest.xml:270:9-276:19
287            android:name="cn.jpush.android.service.PluginOppoPushService"
287-->[:jiguang] AndroidManifest.xml:271:13-74
288            android:permission="com.coloros.mcs.permission.SEND_MCS_MESSAGE" >
288-->[:jiguang] AndroidManifest.xml:272:13-77
289            <intent-filter>
289-->[:jiguang] AndroidManifest.xml:273:13-275:29
290                <action android:name="com.coloros.mcs.action.RECEIVE_MCS_MESSAGE" />
290-->[:jiguang] AndroidManifest.xml:274:17-85
290-->[:jiguang] AndroidManifest.xml:274:25-82
291            </intent-filter>
292        </service> <!-- since JPushv3.6.8 ，oppov2.1.0 oppo 核心功能 -->
293        <service
293-->[:jiguang] AndroidManifest.xml:278:9-285:19
294            android:name="com.heytap.msp.push.service.DataMessageCallbackService"
294-->[:jiguang] AndroidManifest.xml:279:13-82
295            android:permission="com.heytap.mcs.permission.SEND_PUSH_MESSAGE" >
295-->[:jiguang] AndroidManifest.xml:280:13-77
296            <intent-filter>
296-->[:jiguang] AndroidManifest.xml:281:13-284:29
297                <action android:name="com.heytap.mcs.action.RECEIVE_MCS_MESSAGE" />
297-->[:jiguang] AndroidManifest.xml:282:17-84
297-->[:jiguang] AndroidManifest.xml:282:25-81
298                <action android:name="com.heytap.msp.push.RECEIVE_MCS_MESSAGE" />
298-->[:jiguang] AndroidManifest.xml:283:17-82
298-->[:jiguang] AndroidManifest.xml:283:25-79
299            </intent-filter>
300        </service> <!-- 兼容Q版本 -->
301        <meta-data
301-->[:jiguang] AndroidManifest.xml:286:9-288:46
302            android:name="OPPO_APPKEY"
302-->[:jiguang] AndroidManifest.xml:287:13-39
303            android:value="OP-oppo的APPKEY" />
303-->[:jiguang] AndroidManifest.xml:288:13-43
304        <meta-data
304-->[:jiguang] AndroidManifest.xml:289:9-291:45
305            android:name="OPPO_APPID"
305-->[:jiguang] AndroidManifest.xml:290:13-38
306            android:value="OP-oppo的APPID" />
306-->[:jiguang] AndroidManifest.xml:291:13-42
307        <meta-data
307-->[:jiguang] AndroidManifest.xml:292:9-294:49
308            android:name="OPPO_APPSECRET"